TN:
SF:src/router.js
FN:58,(anonymous_0)
FNF:1
FNH:0
FNDA:0,(anonymous_0)
DA:1,4
DA:2,4
DA:4,4
DA:5,4
DA:6,4
DA:7,4
DA:8,4
DA:10,4
DA:11,4
DA:12,4
DA:13,4
DA:16,4
DA:17,4
DA:18,4
DA:19,4
DA:20,4
DA:21,4
DA:22,4
DA:23,4
DA:26,4
DA:29,4
DA:30,4
DA:33,4
DA:34,4
DA:35,4
DA:36,4
DA:37,4
DA:38,4
DA:39,4
DA:40,4
DA:41,4
DA:42,4
DA:45,4
DA:46,4
DA:47,4
DA:48,4
DA:49,4
DA:52,4
DA:53,4
DA:56,4
DA:57,4
DA:58,4
DA:61,4
DA:63,4
LF:44
LH:44
BRF:0
BRH:0
end_of_record
TN:
SF:src/controllers/genreController.js
FN:7,(anonymous_0)
FN:17,(anonymous_1)
FNF:2
FNH:2
FNDA:2,(anonymous_0)
FNDA:1,(anonymous_1)
DA:1,4
DA:5,4
DA:7,4
DA:8,2
DA:9,2
DA:10,1
DA:13,1
DA:17,4
DA:18,1
DA:19,1
LF:10
LH:10
BRF:0
BRH:0
end_of_record
TN:
SF:src/controllers/incumbentController.js
FN:7,(anonymous_0)
FN:17,(anonymous_1)
FNF:2
FNH:2
FNDA:4,(anonymous_0)
FNDA:4,(anonymous_1)
DA:1,4
DA:5,4
DA:7,4
DA:8,4
DA:9,4
DA:10,2
DA:13,2
DA:17,4
DA:18,4
DA:19,4
DA:20,3
DA:23,1
LF:12
LH:12
BRDA:19,0,0,4
BRDA:19,0,1,3
BRDA:19,1,0,4
BRDA:19,1,1,3
BRF:4
BRH:4
end_of_record
TN:
SF:src/controllers/movieController.js
FN:8,(anonymous_0)
FN:18,(anonymous_1)
FN:28,(anonymous_2)
FN:38,(anonymous_3)
FN:43,(anonymous_4)
FN:53,(anonymous_5)
FN:64,(anonymous_6)
FN:74,(anonymous_7)
FN:84,(anonymous_8)
FNF:9
FNH:8
FNDA:7,(anonymous_0)
FNDA:3,(anonymous_1)
FNDA:2,(anonymous_2)
FNDA:25,(anonymous_3)
FNDA:3,(anonymous_4)
FNDA:1,(anonymous_5)
FNDA:2,(anonymous_6)
FNDA:2,(anonymous_7)
FNDA:0,(anonymous_8)
DA:1,4
DA:5,4
DA:8,4
DA:9,7
DA:10,7
DA:11,5
DA:14,2
DA:18,4
DA:19,3
DA:20,3
DA:21,1
DA:24,2
DA:28,4
DA:29,2
DA:30,2
DA:31,1
DA:34,1
DA:38,4
DA:39,25
DA:40,25
DA:43,4
DA:44,3
DA:45,3
DA:46,1
DA:49,2
DA:53,4
DA:54,1
DA:55,1
DA:57,1
DA:60,0
DA:64,4
DA:65,2
DA:66,2
DA:67,1
DA:70,1
DA:74,4
DA:75,2
DA:76,2
DA:77,2
DA:80,0
DA:84,4
DA:85,0
DA:86,0
DA:87,0
DA:90,0
LF:45
LH:39
BRDA:39,0,0,25
BRDA:39,0,1,4
BRDA:39,1,0,25
BRDA:39,1,1,23
BRDA:76,2,0,2
BRDA:76,2,1,2
BRDA:76,3,0,2
BRDA:76,3,1,1
BRDA:86,4,0,0
BRDA:86,4,1,0
BRF:10
BRH:8
end_of_record
TN:
SF:src/controllers/reviewController.js
FN:9,(anonymous_0)
FN:19,(anonymous_1)
FN:29,(anonymous_2)
FN:39,(anonymous_3)
FN:49,(anonymous_4)
FNF:5
FNH:5
FNDA:5,(anonymous_0)
FNDA:10,(anonymous_1)
FNDA:3,(anonymous_2)
FNDA:2,(anonymous_3)
FNDA:4,(anonymous_4)
DA:1,4
DA:5,4
DA:9,4
DA:10,5
DA:11,5
DA:12,3
DA:15,2
DA:19,4
DA:20,10
DA:21,10
DA:22,10
DA:25,0
DA:29,4
DA:30,3
DA:31,3
DA:32,2
DA:35,1
DA:39,4
DA:40,2
DA:41,2
DA:42,1
DA:45,1
DA:49,4
DA:50,4
DA:51,4
DA:52,2
DA:55,2
LF:27
LH:26
BRDA:21,0,0,10
BRDA:21,0,1,2
BRDA:21,1,0,10
BRDA:21,1,1,8
BRDA:31,2,0,3
BRDA:31,2,1,3
BRDA:31,3,0,3
BRDA:31,3,1,0
BRF:8
BRH:7
end_of_record
TN:
SF:src/controllers/userController.js
FN:9,(anonymous_0)
FN:20,(anonymous_1)
FN:31,(anonymous_2)
FN:41,(anonymous_3)
FN:51,(anonymous_4)
FN:61,(anonymous_5)
FN:71,(anonymous_6)
FN:81,(anonymous_7)
FN:91,(anonymous_8)
FN:101,(anonymous_9)
FN:111,(anonymous_10)
FN:121,(anonymous_11)
FN:131,(anonymous_12)
FN:141,(anonymous_13)
FNF:14
FNH:7
FNDA:9,(anonymous_0)
FNDA:0,(anonymous_1)
FNDA:4,(anonymous_2)
FNDA:44,(anonymous_3)
FNDA:1,(anonymous_4)
FNDA:0,(anonymous_5)
FNDA:0,(anonymous_6)
FNDA:0,(anonymous_7)
FNDA:0,(anonymous_8)
FNDA:0,(anonymous_9)
FNDA:4,(anonymous_10)
FNDA:4,(anonymous_11)
FNDA:2,(anonymous_12)
FNDA:0,(anonymous_13)
DA:1,4
DA:7,4
DA:9,4
DA:10,9
DA:11,9
DA:13,7
DA:16,2
DA:20,4
DA:21,0
DA:22,0
DA:23,0
DA:24,0
DA:27,0
DA:31,4
DA:32,4
DA:33,4
DA:34,4
DA:37,0
DA:41,4
DA:42,44
DA:43,44
DA:44,44
DA:47,0
DA:51,4
DA:52,1
DA:53,1
DA:54,0
DA:57,1
DA:61,4
DA:62,0
DA:63,0
DA:64,0
DA:67,0
DA:71,4
DA:72,0
DA:73,0
DA:74,0
DA:77,0
DA:81,4
DA:82,0
DA:83,0
DA:84,0
DA:87,0
DA:91,4
DA:92,0
DA:93,0
DA:94,0
DA:97,0
DA:101,4
DA:102,0
DA:103,0
DA:104,0
DA:107,0
DA:111,4
DA:112,4
DA:113,4
DA:114,1
DA:117,3
DA:121,4
DA:122,4
DA:123,4
DA:124,3
DA:127,1
DA:131,4
DA:132,2
DA:133,2
DA:134,1
DA:137,1
DA:141,4
DA:142,0
DA:143,0
DA:144,0
DA:145,0
DA:148,0
LF:74
LH:41
BRF:0
BRH:0
end_of_record
TN:
SF:src/models/genre.js
FN:25,(anonymous_0)
FN:26,(anonymous_1)
FN:29,(anonymous_2)
FN:35,(anonymous_3)
FN:36,(anonymous_4)
FN:38,(anonymous_5)
FNF:6
FNH:6
FNDA:1,(anonymous_0)
FNDA:1,(anonymous_1)
FNDA:1,(anonymous_2)
FNDA:2,(anonymous_3)
FNDA:2,(anonymous_4)
FNDA:2,(anonymous_5)
DA:1,4
DA:2,4
DA:6,4
DA:26,1
DA:27,1
DA:30,1
DA:36,2
DA:37,2
DA:39,2
DA:40,1
DA:49,4
LF:11
LH:11
BRDA:39,0,0,1
BRDA:39,0,1,1
BRF:2
BRH:2
end_of_record
TN:
SF:src/models/incumbent.js
FN:33,(anonymous_0)
FN:34,(anonymous_1)
FN:41,(anonymous_2)
FN:45,(anonymous_3)
FN:53,(anonymous_4)
FN:54,(anonymous_5)
FN:66,(anonymous_6)
FN:71,(anonymous_7)
FNF:8
FNH:8
FNDA:4,(anonymous_0)
FNDA:4,(anonymous_1)
FNDA:4,(anonymous_2)
FNDA:2,(anonymous_3)
FNDA:4,(anonymous_4)
FNDA:4,(anonymous_5)
FNDA:3,(anonymous_6)
FNDA:3,(anonymous_7)
DA:1,4
DA:2,4
DA:4,4
DA:6,4
DA:30,4
DA:34,4
DA:35,4
DA:37,4
DA:40,4
DA:42,4
DA:44,2
DA:46,2
DA:54,4
DA:55,4
DA:56,3
DA:65,3
DA:67,3
DA:68,3
DA:70,3
DA:72,3
DA:79,4
LF:21
LH:21
BRDA:35,0,0,1
BRDA:35,0,1,3
BRDA:42,1,0,2
BRDA:42,1,1,2
BRDA:55,2,0,1
BRDA:55,2,1,3
BRDA:68,3,0,1
BRDA:68,3,1,2
BRDA:68,4,0,3
BRDA:68,4,1,2
BRF:10
BRH:10
end_of_record
TN:
SF:src/models/movie.js
FN:77,(anonymous_0)
FN:78,(anonymous_1)
FN:80,(anonymous_2)
FN:93,(anonymous_3)
FN:99,(anonymous_4)
FN:100,(anonymous_5)
FN:102,(anonymous_6)
FN:121,(anonymous_7)
FN:127,(anonymous_8)
FN:148,(anonymous_9)
FN:173,(anonymous_10)
FN:193,(anonymous_11)
FN:212,(anonymous_12)
FN:225,(anonymous_13)
FN:242,(anonymous_14)
FN:247,(anonymous_15)
FN:252,(anonymous_16)
FN:257,(anonymous_17)
FN:267,(anonymous_18)
FN:269,(anonymous_19)
FN:275,(anonymous_20)
FN:281,(anonymous_21)
FN:287,(anonymous_22)
FN:294,(anonymous_23)
FN:301,(anonymous_24)
FN:302,(anonymous_25)
FN:324,(anonymous_26)
FN:327,(anonymous_27)
FN:334,(anonymous_28)
FN:339,(anonymous_29)
FN:347,(anonymous_30)
FN:348,(anonymous_31)
FN:378,(anonymous_32)
FN:381,(anonymous_33)
FN:387,(anonymous_34)
FN:388,(anonymous_35)
FN:393,(anonymous_36)
FN:395,(anonymous_37)
FN:397,(anonymous_38)
FN:398,(anonymous_39)
FN:406,(anonymous_40)
FN:412,(anonymous_41)
FN:413,(anonymous_42)
FN:417,(anonymous_43)
FN:422,(anonymous_44)
FN:444,(anonymous_45)
FN:469,(anonymous_46)
FN:489,(anonymous_47)
FN:509,(anonymous_48)
FN:555,(anonymous_49)
FN:559,(anonymous_50)
FN:563,(anonymous_51)
FN:567,(anonymous_52)
FN:572,(anonymous_53)
FN:575,(anonymous_54)
FN:581,(anonymous_55)
FN:587,(anonymous_56)
FN:593,(anonymous_57)
FN:599,(anonymous_58)
FN:604,(anonymous_59)
FN:608,(anonymous_60)
FN:613,(anonymous_61)
FN:614,(anonymous_62)
FN:616,(anonymous_63)
FN:625,(anonymous_64)
FN:626,(anonymous_65)
FN:637,(anonymous_66)
FN:642,(anonymous_67)
FN:646,(anonymous_68)
FN:652,(anonymous_69)
FN:653,(anonymous_70)
FN:656,myCamelFunction
FN:657,convertToString
FN:672,toWords
FN:683,toCamelCase
FN:711,toCamelCaseString
FN:726,(anonymous_76)
FN:730,(anonymous_77)
FNF:78
FNH:60
FNDA:26,(anonymous_0)
FNDA:26,(anonymous_1)
FNDA:26,(anonymous_2)
FNDA:0,(anonymous_3)
FNDA:78,(anonymous_4)
FNDA:78,(anonymous_5)
FNDA:78,(anonymous_6)
FNDA:0,(anonymous_7)
FNDA:7,(anonymous_8)
FNDA:24,(anonymous_9)
FNDA:24,(anonymous_10)
FNDA:24,(anonymous_11)
FNDA:24,(anonymous_12)
FNDA:7,(anonymous_13)
FNDA:20,(anonymous_14)
FNDA:20,(anonymous_15)
FNDA:20,(anonymous_16)
FNDA:20,(anonymous_17)
FNDA:5,(anonymous_18)
FNDA:16,(anonymous_19)
FNDA:16,(anonymous_20)
FNDA:16,(anonymous_21)
FNDA:16,(anonymous_22)
FNDA:1,(anonymous_23)
FNDA:27,(anonymous_24)
FNDA:27,(anonymous_25)
FNDA:1,(anonymous_26)
FNDA:1,(anonymous_27)
FNDA:25,(anonymous_28)
FNDA:25,(anonymous_29)
FNDA:3,(anonymous_30)
FNDA:3,(anonymous_31)
FNDA:1,(anonymous_32)
FNDA:1,(anonymous_33)
FNDA:3,(anonymous_34)
FNDA:3,(anonymous_35)
FNDA:1,(anonymous_36)
FNDA:0,(anonymous_37)
FNDA:0,(anonymous_38)
FNDA:0,(anonymous_39)
FNDA:1,(anonymous_40)
FNDA:1,(anonymous_41)
FNDA:1,(anonymous_42)
FNDA:1,(anonymous_43)
FNDA:1,(anonymous_44)
FNDA:1,(anonymous_45)
FNDA:1,(anonymous_46)
FNDA:4,(anonymous_47)
FNDA:2,(anonymous_48)
FNDA:1,(anonymous_49)
FNDA:1,(anonymous_50)
FNDA:4,(anonymous_51)
FNDA:2,(anonymous_52)
FNDA:1,(anonymous_53)
FNDA:4,(anonymous_54)
FNDA:1,(anonymous_55)
FNDA:1,(anonymous_56)
FNDA:2,(anonymous_57)
FNDA:0,(anonymous_58)
FNDA:0,(anonymous_59)
FNDA:0,(anonymous_60)
FNDA:2,(anonymous_61)
FNDA:2,(anonymous_62)
FNDA:2,(anonymous_63)
FNDA:2,(anonymous_64)
FNDA:2,(anonymous_65)
FNDA:2,(anonymous_66)
FNDA:2,(anonymous_67)
FNDA:0,(anonymous_68)
FNDA:0,(anonymous_69)
FNDA:0,(anonymous_70)
FNDA:0,myCamelFunction
FNDA:0,convertToString
FNDA:0,toWords
FNDA:0,toCamelCase
FNDA:0,toCamelCaseString
FNDA:0,(anonymous_76)
FNDA:0,(anonymous_77)
DA:1,4
DA:2,4
DA:3,4
DA:4,4
DA:5,4
DA:6,4
DA:8,4
DA:9,4
DA:11,4
DA:72,4
DA:73,4
DA:78,26
DA:79,26
DA:81,26
DA:82,25
DA:85,25
DA:86,25
DA:88,1
DA:89,1
DA:94,0
DA:100,78
DA:101,78
DA:103,78
DA:104,78
DA:107,78
DA:108,78
DA:109,78
DA:112,0
DA:115,0
DA:117,0
DA:122,0
DA:130,7
DA:131,7
DA:132,6
DA:133,6
DA:135,6
DA:137,24
DA:139,24
DA:141,24
DA:142,0
DA:145,24
DA:147,6
DA:148,6
DA:149,24
DA:154,7
DA:155,7
DA:156,6
DA:157,6
DA:159,6
DA:161,24
DA:163,24
DA:165,24
DA:166,0
DA:169,24
DA:172,6
DA:173,6
DA:174,24
DA:179,7
DA:180,7
DA:181,6
DA:182,6
DA:183,6
DA:184,24
DA:185,24
DA:187,24
DA:188,0
DA:190,24
DA:192,6
DA:193,6
DA:194,24
DA:198,7
DA:199,7
DA:200,6
DA:201,6
DA:202,6
DA:203,24
DA:204,24
DA:206,24
DA:207,0
DA:209,24
DA:211,6
DA:212,6
DA:213,24
DA:219,7
DA:220,7
DA:221,7
DA:222,7
DA:225,7
DA:226,7
DA:228,6
DA:242,6
DA:243,20
DA:247,6
DA:248,20
DA:252,6
DA:253,20
DA:257,6
DA:258,20
DA:261,6
DA:262,66
DA:266,6
DA:268,5
DA:269,5
DA:270,16
DA:274,5
DA:275,5
DA:276,16
DA:280,5
DA:281,5
DA:282,16
DA:286,5
DA:287,5
DA:288,16
DA:292,5
DA:295,1
DA:302,27
DA:303,27
DA:319,27
DA:320,2
DA:325,1
DA:328,1
DA:332,25
DA:333,25
DA:335,25
DA:336,25
DA:338,25
DA:340,25
DA:348,3
DA:349,3
DA:362,2
DA:375,14
DA:377,2
DA:379,1
DA:382,1
DA:388,3
DA:389,3
DA:392,2
DA:394,1
DA:395,1
DA:396,0
DA:398,0
DA:399,0
DA:400,0
DA:404,1
DA:407,1
DA:413,1
DA:414,1
DA:416,1
DA:419,1
DA:421,1
DA:424,1
DA:426,1
DA:427,1
DA:428,1
DA:429,1
DA:431,1
DA:433,1
DA:435,1
DA:437,1
DA:438,0
DA:441,1
DA:443,1
DA:444,1
DA:445,1
DA:450,1
DA:451,1
DA:452,1
DA:453,1
DA:455,1
DA:457,1
DA:459,1
DA:461,1
DA:462,0
DA:465,1
DA:468,1
DA:469,1
DA:470,1
DA:475,1
DA:476,1
DA:477,1
DA:478,1
DA:479,1
DA:480,4
DA:481,4
DA:483,4
DA:484,3
DA:486,4
DA:488,1
DA:489,1
DA:490,4
DA:495,1
DA:496,1
DA:497,1
DA:498,1
DA:499,1
DA:500,2
DA:501,2
DA:503,2
DA:504,1
DA:506,2
DA:508,1
DA:509,1
DA:510,2
DA:511,2
DA:516,1
DA:517,1
DA:518,1
DA:519,1
DA:525,1
DA:527,1
DA:539,1
DA:540,0
DA:543,1
DA:544,1
DA:545,0
DA:546,0
DA:547,0
DA:548,0
DA:549,0
DA:552,1
DA:555,1
DA:556,1
DA:559,1
DA:560,1
DA:563,1
DA:564,4
DA:567,1
DA:568,2
DA:571,1
DA:574,1
DA:575,1
DA:576,4
DA:580,1
DA:581,1
DA:582,1
DA:586,1
DA:587,1
DA:588,1
DA:592,1
DA:593,1
DA:594,2
DA:597,1
DA:600,0
DA:605,0
DA:609,0
DA:614,2
DA:615,2
DA:617,2
DA:619,1
DA:626,2
DA:627,2
DA:636,2
DA:638,2
DA:639,2
DA:641,2
DA:643,2
DA:647,0
DA:653,0
DA:659,0
DA:661,0
DA:663,0
DA:666,0
DA:668,0
DA:674,0
DA:676,0
DA:678,0
DA:686,0
DA:689,0
DA:691,0
DA:693,0
DA:697,0
DA:701,0
DA:704,0
DA:705,0
DA:713,0
DA:715,0
DA:719,0
DA:721,0
DA:722,0
DA:723,0
DA:725,0
DA:727,0
DA:728,0
DA:731,0
DA:737,4
LF:285
LH:233
BRDA:81,0,0,25
BRDA:81,0,1,1
BRDA:88,1,0,1
BRDA:88,1,1,0
BRDA:103,2,0,78
BRDA:103,2,1,0
BRDA:107,3,0,78
BRDA:107,3,1,0
BRDA:112,4,0,0
BRDA:112,4,1,0
BRDA:131,5,0,6
BRDA:131,5,1,1
BRDA:141,6,0,0
BRDA:141,6,1,24
BRDA:155,7,0,6
BRDA:155,7,1,1
BRDA:165,8,0,0
BRDA:165,8,1,24
BRDA:180,9,0,6
BRDA:180,9,1,1
BRDA:187,10,0,0
BRDA:187,10,1,24
BRDA:199,11,0,6
BRDA:199,11,1,1
BRDA:206,12,0,0
BRDA:206,12,1,24
BRDA:226,13,0,1
BRDA:226,13,1,6
BRDA:262,14,0,18
BRDA:262,14,1,48
BRDA:262,15,0,66
BRDA:262,15,1,52
BRDA:268,16,0,5
BRDA:268,16,1,0
BRDA:274,17,0,5
BRDA:274,17,1,0
BRDA:280,18,0,5
BRDA:280,18,1,0
BRDA:286,19,0,5
BRDA:286,19,1,0
BRDA:319,20,0,2
BRDA:319,20,1,25
BRDA:332,21,0,25
BRDA:332,21,1,0
BRDA:336,22,0,1
BRDA:336,22,1,24
BRDA:336,23,0,25
BRDA:336,23,1,24
BRDA:349,24,0,1
BRDA:349,24,1,2
BRDA:375,25,0,8
BRDA:375,25,1,6
BRDA:389,26,0,1
BRDA:389,26,1,2
BRDA:394,27,0,1
BRDA:394,27,1,0
BRDA:414,28,0,0
BRDA:414,28,1,1
BRDA:424,29,0,0
BRDA:424,29,1,1
BRDA:427,30,0,1
BRDA:427,30,1,0
BRDA:427,31,0,1
BRDA:427,31,1,1
BRDA:437,32,0,0
BRDA:437,32,1,1
BRDA:451,33,0,1
BRDA:451,33,1,0
BRDA:461,34,0,0
BRDA:461,34,1,1
BRDA:476,35,0,1
BRDA:476,35,1,0
BRDA:483,36,0,3
BRDA:483,36,1,1
BRDA:496,37,0,1
BRDA:496,37,1,0
BRDA:503,38,0,1
BRDA:503,38,1,1
BRDA:525,39,0,0
BRDA:525,39,1,1
BRDA:539,40,0,0
BRDA:539,40,1,1
BRDA:544,41,0,0
BRDA:544,41,1,1
BRDA:574,42,0,1
BRDA:574,42,1,0
BRDA:580,43,0,1
BRDA:580,43,1,0
BRDA:586,44,0,1
BRDA:586,44,1,0
BRDA:592,45,0,1
BRDA:592,45,1,0
BRDA:617,46,0,1
BRDA:617,46,1,1
BRDA:639,47,0,1
BRDA:639,47,1,1
BRDA:639,48,0,2
BRDA:639,48,1,1
BRDA:659,49,0,0
BRDA:659,49,1,0
BRDA:661,50,0,0
BRDA:661,50,1,0
BRDA:723,51,0,0
BRDA:723,51,1,0
BRDA:727,52,0,0
BRDA:727,52,1,0
BRF:106
BRH:68
end_of_record
TN:
SF:src/models/review.js
FN:41,(anonymous_0)
FN:42,(anonymous_1)
FN:44,(anonymous_2)
FN:59,(anonymous_3)
FN:64,(anonymous_4)
FN:70,(anonymous_5)
FN:81,(anonymous_6)
FN:87,(anonymous_7)
FN:88,(anonymous_8)
FN:106,(anonymous_9)
FN:111,(anonymous_10)
FN:118,(anonymous_11)
FN:119,(anonymous_12)
FN:137,(anonymous_13)
FN:142,(anonymous_14)
FN:146,(anonymous_15)
FN:152,(anonymous_16)
FN:153,(anonymous_17)
FN:162,(anonymous_18)
FN:165,(anonymous_19)
FN:173,(anonymous_20)
FN:179,(anonymous_21)
FN:180,(anonymous_22)
FN:184,(anonymous_23)
FN:187,(anonymous_24)
FN:193,(anonymous_25)
FN:203,(anonymous_26)
FNF:27
FNH:27
FNDA:5,(anonymous_0)
FNDA:5,(anonymous_1)
FNDA:4,(anonymous_2)
FNDA:3,(anonymous_3)
FNDA:3,(anonymous_4)
FNDA:3,(anonymous_5)
FNDA:1,(anonymous_6)
FNDA:10,(anonymous_7)
FNDA:10,(anonymous_8)
FNDA:10,(anonymous_9)
FNDA:10,(anonymous_10)
FNDA:3,(anonymous_11)
FNDA:3,(anonymous_12)
FNDA:2,(anonymous_13)
FNDA:2,(anonymous_14)
FNDA:1,(anonymous_15)
FNDA:2,(anonymous_16)
FNDA:2,(anonymous_17)
FNDA:1,(anonymous_18)
FNDA:1,(anonymous_19)
FNDA:1,(anonymous_20)
FNDA:4,(anonymous_21)
FNDA:4,(anonymous_22)
FNDA:3,(anonymous_23)
FNDA:2,(anonymous_24)
FNDA:2,(anonymous_25)
FNDA:2,(anonymous_26)
DA:1,4
DA:2,4
DA:4,4
DA:6,4
DA:7,4
DA:9,4
DA:38,4
DA:42,5
DA:43,5
DA:45,4
DA:47,3
DA:58,3
DA:60,3
DA:61,3
DA:63,3
DA:65,3
DA:66,3
DA:69,3
DA:71,3
DA:72,3
DA:73,3
DA:74,3
DA:77,3
DA:82,1
DA:88,10
DA:89,10
DA:105,10
DA:107,10
DA:108,10
DA:110,10
DA:112,10
DA:119,3
DA:120,3
DA:136,3
DA:138,2
DA:139,2
DA:141,2
DA:143,2
DA:147,1
DA:153,2
DA:154,2
DA:159,6
DA:161,2
DA:164,1
DA:166,1
DA:167,1
DA:168,1
DA:169,1
DA:171,1
DA:174,1
DA:180,4
DA:183,4
DA:185,3
DA:186,2
DA:188,2
DA:189,2
DA:192,2
DA:194,2
DA:195,2
DA:196,2
DA:197,1
DA:198,2
DA:201,2
DA:204,2
DA:210,4
LF:65
LH:65
BRDA:45,0,0,1
BRDA:45,0,1,3
BRDA:108,1,0,1
BRDA:108,1,1,9
BRDA:108,2,0,10
BRDA:108,2,1,9
BRDA:139,3,0,1
BRDA:139,3,1,1
BRDA:139,4,0,2
BRDA:139,4,1,1
BRDA:159,5,0,2
BRDA:159,5,1,4
BRDA:196,6,0,1
BRDA:196,6,1,1
BRF:14
BRH:14
end_of_record
TN:
SF:src/models/user.js
FN:30,defaultImage
FN:100,(anonymous_1)
FN:109,(anonymous_2)
FN:111,(anonymous_3)
FN:114,(anonymous_4)
FN:120,(anonymous_5)
FN:121,(anonymous_6)
FN:132,(anonymous_7)
FN:137,(anonymous_8)
FN:154,(anonymous_9)
FN:173,(anonymous_10)
FN:178,(anonymous_11)
FN:186,(anonymous_12)
FN:187,(anonymous_13)
FN:197,(anonymous_14)
FN:210,(anonymous_15)
FN:216,(anonymous_16)
FN:217,(anonymous_17)
FN:219,(anonymous_18)
FN:248,(anonymous_19)
FN:262,(anonymous_20)
FN:264,(anonymous_21)
FN:268,(anonymous_22)
FN:273,(anonymous_23)
FN:279,(anonymous_24)
FN:281,(anonymous_25)
FN:287,(anonymous_26)
FN:290,(anonymous_27)
FN:296,(anonymous_28)
FN:297,(anonymous_29)
FN:299,(anonymous_30)
FN:307,(anonymous_31)
FN:332,(anonymous_32)
FN:338,(anonymous_33)
FN:339,(anonymous_34)
FN:341,(anonymous_35)
FN:345,(anonymous_36)
FN:360,(anonymous_37)
FN:366,(anonymous_38)
FN:368,(anonymous_39)
FN:372,(anonymous_40)
FN:373,(anonymous_41)
FN:375,(anonymous_42)
FN:380,(anonymous_43)
FN:384,(anonymous_44)
FN:385,(anonymous_45)
FN:387,(anonymous_46)
FN:396,(anonymous_47)
FN:409,(anonymous_48)
FN:419,(anonymous_49)
FN:420,(anonymous_50)
FN:423,(anonymous_51)
FN:431,(anonymous_52)
FN:436,(anonymous_53)
FN:440,(anonymous_54)
FN:441,(anonymous_55)
FN:445,(anonymous_56)
FN:451,(anonymous_57)
FN:468,(anonymous_58)
FN:484,(anonymous_59)
FN:485,(anonymous_60)
FN:487,(anonymous_61)
FN:491,(anonymous_62)
FN:497,(anonymous_63)
FN:498,(anonymous_64)
FN:501,(anonymous_65)
FN:503,(anonymous_66)
FN:506,(anonymous_67)
FN:517,(anonymous_68)
FN:523,(anonymous_69)
FN:525,(anonymous_70)
FN:533,(anonymous_71)
FN:545,(anonymous_72)
FN:546,(anonymous_73)
FN:549,(anonymous_74)
FNF:75
FNH:31
FNDA:4,defaultImage
FNDA:7,(anonymous_1)
FNDA:7,(anonymous_2)
FNDA:7,(anonymous_3)
FNDA:0,(anonymous_4)
FNDA:9,(anonymous_5)
FNDA:9,(anonymous_6)
FNDA:7,(anonymous_7)
FNDA:7,(anonymous_8)
FNDA:7,(anonymous_9)
FNDA:0,(anonymous_10)
FNDA:1,(anonymous_11)
FNDA:4,(anonymous_12)
FNDA:4,(anonymous_13)
FNDA:4,(anonymous_14)
FNDA:0,(anonymous_15)
FNDA:44,(anonymous_16)
FNDA:44,(anonymous_17)
FNDA:44,(anonymous_18)
FNDA:1,(anonymous_19)
FNDA:1,(anonymous_20)
FNDA:1,(anonymous_21)
FNDA:0,(anonymous_22)
FNDA:0,(anonymous_23)
FNDA:0,(anonymous_24)
FNDA:0,(anonymous_25)
FNDA:0,(anonymous_26)
FNDA:0,(anonymous_27)
FNDA:0,(anonymous_28)
FNDA:0,(anonymous_29)
FNDA:0,(anonymous_30)
FNDA:0,(anonymous_31)
FNDA:0,(anonymous_32)
FNDA:0,(anonymous_33)
FNDA:0,(anonymous_34)
FNDA:0,(anonymous_35)
FNDA:0,(anonymous_36)
FNDA:0,(anonymous_37)
FNDA:0,(anonymous_38)
FNDA:0,(anonymous_39)
FNDA:0,(anonymous_40)
FNDA:0,(anonymous_41)
FNDA:0,(anonymous_42)
FNDA:0,(anonymous_43)
FNDA:0,(anonymous_44)
FNDA:0,(anonymous_45)
FNDA:0,(anonymous_46)
FNDA:0,(anonymous_47)
FNDA:0,(anonymous_48)
FNDA:0,(anonymous_49)
FNDA:0,(anonymous_50)
FNDA:0,(anonymous_51)
FNDA:0,(anonymous_52)
FNDA:0,(anonymous_53)
FNDA:0,(anonymous_54)
FNDA:0,(anonymous_55)
FNDA:0,(anonymous_56)
FNDA:0,(anonymous_57)
FNDA:0,(anonymous_58)
FNDA:0,(anonymous_59)
FNDA:0,(anonymous_60)
FNDA:0,(anonymous_61)
FNDA:0,(anonymous_62)
FNDA:4,(anonymous_63)
FNDA:4,(anonymous_64)
FNDA:3,(anonymous_65)
FNDA:3,(anonymous_66)
FNDA:1,(anonymous_67)
FNDA:1,(anonymous_68)
FNDA:4,(anonymous_69)
FNDA:4,(anonymous_70)
FNDA:4,(anonymous_71)
FNDA:2,(anonymous_72)
FNDA:2,(anonymous_73)
FNDA:2,(anonymous_74)
DA:1,4
DA:2,4
DA:3,4
DA:4,4
DA:5,4
DA:6,4
DA:7,4
DA:8,4
DA:13,4
DA:14,4
DA:15,4
DA:16,4
DA:18,4
DA:19,4
DA:21,4
DA:31,4
DA:34,4
DA:101,7
DA:102,7
DA:104,7
DA:109,7
DA:110,7
DA:112,7
DA:115,0
DA:121,9
DA:123,9
DA:125,8
DA:127,8
DA:133,7
DA:135,7
DA:139,7
DA:141,7
DA:154,7
DA:155,7
DA:160,7
DA:174,0
DA:179,1
DA:187,4
DA:189,4
DA:191,4
DA:192,4
DA:194,4
DA:199,4
DA:200,4
DA:211,0
DA:217,44
DA:218,44
DA:220,44
DA:221,44
DA:222,44
DA:223,44
DA:225,44
DA:235,0
DA:240,0
DA:250,1
DA:255,2
DA:257,1
DA:258,0
DA:259,0
DA:262,1
DA:263,1
DA:265,1
DA:267,0
DA:269,0
DA:274,0
DA:281,0
DA:282,0
DA:288,0
DA:291,0
DA:297,0
DA:298,0
DA:300,0
DA:301,0
DA:308,0
DA:310,0
DA:312,0
DA:321,0
DA:323,0
DA:333,0
DA:339,0
DA:340,0
DA:342,0
DA:344,0
DA:347,0
DA:348,0
DA:360,0
DA:361,0
DA:363,0
DA:366,0
DA:368,0
DA:373,0
DA:374,0
DA:376,0
DA:378,0
DA:380,0
DA:385,0
DA:386,0
DA:388,0
DA:391,0
DA:392,0
DA:393,0
DA:396,0
DA:398,0
DA:401,0
DA:409,0
DA:410,0
DA:412,0
DA:420,0
DA:421,0
DA:422,0
DA:424,0
DA:425,0
DA:427,0
DA:428,0
DA:429,0
DA:431,0
DA:432,0
DA:433,0
DA:436,0
DA:441,0
DA:443,0
DA:447,0
DA:449,0
DA:453,0
DA:455,0
DA:468,0
DA:470,0
DA:474,0
DA:485,0
DA:486,0
DA:488,0
DA:489,0
DA:492,0
DA:498,4
DA:500,4
DA:502,3
DA:504,3
DA:505,1
DA:507,1
DA:513,2
DA:518,1
DA:525,4
DA:527,4
DA:534,4
DA:535,1
DA:539,3
DA:546,2
DA:548,2
DA:550,2
DA:552,1
DA:553,1
DA:555,1
DA:566,4
LF:153
LH:75
BRDA:123,0,0,1
BRDA:123,0,1,8
BRDA:155,1,0,7
BRDA:155,1,1,0
BRDA:189,2,0,0
BRDA:189,2,1,4
BRDA:220,3,0,0
BRDA:220,3,1,44
BRDA:221,4,0,44
BRDA:221,4,1,0
BRDA:255,5,0,1
BRDA:255,5,1,1
BRDA:257,6,0,0
BRDA:257,6,1,1
BRDA:265,7,0,1
BRDA:265,7,1,0
BRDA:300,8,0,0
BRDA:300,8,1,0
BRDA:342,9,0,0
BRDA:342,9,1,0
BRDA:361,10,0,0
BRDA:361,10,1,0
BRDA:376,11,0,0
BRDA:376,11,1,0
BRDA:388,12,0,0
BRDA:388,12,1,0
BRDA:398,13,0,0
BRDA:398,13,1,0
BRDA:410,14,0,0
BRDA:410,14,1,0
BRDA:425,15,0,0
BRDA:425,15,1,0
BRDA:432,16,0,0
BRDA:432,16,1,0
BRDA:447,17,0,0
BRDA:447,17,1,0
BRDA:470,18,0,0
BRDA:470,18,1,0
BRDA:488,19,0,0
BRDA:488,19,1,0
BRDA:504,20,0,1
BRDA:504,20,1,2
BRDA:534,21,0,1
BRDA:534,21,1,3
BRDA:550,22,0,1
BRDA:550,22,1,1
BRF:46
BRH:16
end_of_record
