TN:
SF:src/controllers/genreController.js
FN:7,(anonymous_0)
FNF:1
FNH:0
FNDA:0,(anonymous_0)
DA:1,1
DA:5,1
DA:7,1
DA:8,0
DA:9,0
DA:10,0
DA:13,0
LF:7
LH:3
BRF:0
BRH:0
end_of_record
TN:
SF:src/controllers/incumbentController.js
FN:7,(anonymous_0)
FN:17,(anonymous_1)
FNF:2
FNH:0
FNDA:0,(anonymous_0)
FNDA:0,(anonymous_1)
DA:1,1
DA:5,1
DA:7,1
DA:8,0
DA:9,0
DA:10,0
DA:13,0
DA:17,1
DA:18,0
DA:19,0
DA:20,0
DA:23,0
LF:12
LH:4
BRDA:19,0,0,0
BRDA:19,0,1,0
BRDA:19,1,0,0
BRDA:19,1,1,0
BRF:4
BRH:0
end_of_record
TN:
SF:src/controllers/movieController.js
FN:8,(anonymous_0)
FN:18,(anonymous_1)
FN:28,(anonymous_2)
FN:38,(anonymous_3)
FN:43,(anonymous_4)
FN:53,(anonymous_5)
FN:64,(anonymous_6)
FN:74,(anonymous_7)
FNF:8
FNH:2
FNDA:2,(anonymous_0)
FNDA:0,(anonymous_1)
FNDA:0,(anonymous_2)
FNDA:5,(anonymous_3)
FNDA:0,(anonymous_4)
FNDA:0,(anonymous_5)
FNDA:0,(anonymous_6)
FNDA:0,(anonymous_7)
DA:1,1
DA:5,1
DA:8,1
DA:9,2
DA:10,2
DA:11,2
DA:14,0
DA:18,1
DA:19,0
DA:20,0
DA:21,0
DA:24,0
DA:28,1
DA:29,0
DA:30,0
DA:31,0
DA:34,0
DA:38,1
DA:39,5
DA:40,5
DA:43,1
DA:44,0
DA:45,0
DA:46,0
DA:49,0
DA:53,1
DA:54,0
DA:55,0
DA:57,0
DA:60,0
DA:64,1
DA:65,0
DA:66,0
DA:67,0
DA:70,0
DA:74,1
DA:75,0
DA:76,0
DA:77,0
DA:80,0
LF:40
LH:15
BRDA:39,0,0,5
BRDA:39,0,1,0
BRDA:39,1,0,5
BRDA:39,1,1,5
BRDA:76,2,0,0
BRDA:76,2,1,0
BRDA:76,3,0,0
BRDA:76,3,1,0
BRF:8
BRH:3
end_of_record
TN:
SF:src/controllers/reviewController.js
FN:9,(anonymous_0)
FN:19,(anonymous_1)
FN:29,(anonymous_2)
FN:39,(anonymous_3)
FN:49,(anonymous_4)
FNF:5
FNH:5
FNDA:5,(anonymous_0)
FNDA:10,(anonymous_1)
FNDA:3,(anonymous_2)
FNDA:2,(anonymous_3)
FNDA:4,(anonymous_4)
DA:1,1
DA:5,1
DA:9,1
DA:10,5
DA:11,5
DA:12,3
DA:15,2
DA:19,1
DA:20,10
DA:21,10
DA:22,10
DA:25,0
DA:29,1
DA:30,3
DA:31,3
DA:32,2
DA:35,1
DA:39,1
DA:40,2
DA:41,2
DA:42,1
DA:45,1
DA:49,1
DA:50,4
DA:51,4
DA:52,2
DA:55,2
LF:27
LH:26
BRDA:21,0,0,10
BRDA:21,0,1,2
BRDA:21,1,0,10
BRDA:21,1,1,8
BRDA:31,2,0,3
BRDA:31,2,1,3
BRDA:31,3,0,3
BRDA:31,3,1,0
BRF:8
BRH:7
end_of_record
TN:
SF:src/controllers/userController.js
FN:9,(anonymous_0)
FN:20,(anonymous_1)
FN:31,(anonymous_2)
FN:41,(anonymous_3)
FN:51,(anonymous_4)
FN:61,(anonymous_5)
FN:71,(anonymous_6)
FN:81,(anonymous_7)
FN:91,(anonymous_8)
FN:101,(anonymous_9)
FN:111,(anonymous_10)
FN:121,(anonymous_11)
FN:131,(anonymous_12)
FNF:13
FNH:3
FNDA:2,(anonymous_0)
FNDA:0,(anonymous_1)
FNDA:1,(anonymous_2)
FNDA:19,(anonymous_3)
FNDA:0,(anonymous_4)
FNDA:0,(anonymous_5)
FNDA:0,(anonymous_6)
FNDA:0,(anonymous_7)
FNDA:0,(anonymous_8)
FNDA:0,(anonymous_9)
FNDA:0,(anonymous_10)
FNDA:0,(anonymous_11)
FNDA:0,(anonymous_12)
DA:1,1
DA:7,1
DA:9,1
DA:10,2
DA:11,2
DA:13,2
DA:16,0
DA:20,1
DA:21,0
DA:22,0
DA:23,0
DA:24,0
DA:27,0
DA:31,1
DA:32,1
DA:33,1
DA:34,1
DA:37,0
DA:41,1
DA:42,19
DA:43,19
DA:44,19
DA:47,0
DA:51,1
DA:52,0
DA:53,0
DA:54,0
DA:57,0
DA:61,1
DA:62,0
DA:63,0
DA:64,0
DA:67,0
DA:71,1
DA:72,0
DA:73,0
DA:74,0
DA:77,0
DA:81,1
DA:82,0
DA:83,0
DA:84,0
DA:87,0
DA:91,1
DA:92,0
DA:93,0
DA:94,0
DA:97,0
DA:101,1
DA:102,0
DA:103,0
DA:104,0
DA:107,0
DA:111,1
DA:112,0
DA:113,0
DA:114,0
DA:117,0
DA:121,1
DA:122,0
DA:123,0
DA:124,0
DA:127,0
DA:131,1
DA:132,0
DA:133,0
DA:134,0
DA:137,0
LF:68
LH:24
BRF:0
BRH:0
end_of_record
TN:
SF:src/models/genre.js
FN:29,(anonymous_0)
FN:30,(anonymous_1)
FN:32,(anonymous_2)
FN:41,(anonymous_3)
FNF:4
FNH:0
FNDA:0,(anonymous_0)
FNDA:0,(anonymous_1)
FNDA:0,(anonymous_2)
FNDA:0,(anonymous_3)
DA:1,1
DA:2,1
DA:6,1
DA:30,0
DA:31,0
DA:33,0
DA:34,0
DA:35,0
DA:42,0
DA:48,1
LF:10
LH:4
BRDA:34,0,0,0
BRDA:34,0,1,0
BRF:2
BRH:0
end_of_record
TN:
SF:src/models/incumbent.js
FN:33,(anonymous_0)
FN:34,(anonymous_1)
FN:38,(anonymous_2)
FN:41,(anonymous_3)
FN:47,(anonymous_4)
FN:48,(anonymous_5)
FN:59,(anonymous_6)
FN:64,(anonymous_7)
FNF:8
FNH:0
FNDA:0,(anonymous_0)
FNDA:0,(anonymous_1)
FNDA:0,(anonymous_2)
FNDA:0,(anonymous_3)
FNDA:0,(anonymous_4)
FNDA:0,(anonymous_5)
FNDA:0,(anonymous_6)
FNDA:0,(anonymous_7)
DA:1,1
DA:2,1
DA:4,1
DA:6,1
DA:30,1
DA:34,0
DA:35,0
DA:37,0
DA:39,0
DA:42,0
DA:48,0
DA:50,0
DA:58,0
DA:60,0
DA:61,0
DA:63,0
DA:65,0
DA:72,1
LF:18
LH:6
BRDA:35,0,0,0
BRDA:35,0,1,0
BRDA:61,1,0,0
BRDA:61,1,1,0
BRDA:61,2,0,0
BRDA:61,2,1,0
BRF:6
BRH:0
end_of_record
TN:
SF:src/models/movie.js
FN:77,(anonymous_0)
FN:78,(anonymous_1)
FN:80,(anonymous_2)
FN:93,(anonymous_3)
FN:99,(anonymous_4)
FN:100,(anonymous_5)
FN:102,(anonymous_6)
FN:121,(anonymous_7)
FN:127,(anonymous_8)
FN:148,(anonymous_9)
FN:173,(anonymous_10)
FN:193,(anonymous_11)
FN:212,(anonymous_12)
FN:225,(anonymous_13)
FN:242,(anonymous_14)
FN:247,(anonymous_15)
FN:252,(anonymous_16)
FN:257,(anonymous_17)
FN:267,(anonymous_18)
FN:269,(anonymous_19)
FN:275,(anonymous_20)
FN:281,(anonymous_21)
FN:287,(anonymous_22)
FN:294,(anonymous_23)
FN:301,(anonymous_24)
FN:302,(anonymous_25)
FN:324,(anonymous_26)
FN:328,(anonymous_27)
FN:335,(anonymous_28)
FN:340,(anonymous_29)
FN:348,(anonymous_30)
FN:349,(anonymous_31)
FN:352,(anonymous_32)
FN:353,(anonymous_33)
FN:358,(anonymous_34)
FN:379,(anonymous_35)
FN:382,(anonymous_36)
FN:388,(anonymous_37)
FN:389,(anonymous_38)
FN:394,(anonymous_39)
FN:397,(anonymous_40)
FN:399,(anonymous_41)
FN:400,(anonymous_42)
FN:408,(anonymous_43)
FN:414,(anonymous_44)
FN:419,(anonymous_45)
FN:424,(anonymous_46)
FN:446,(anonymous_47)
FN:471,(anonymous_48)
FN:491,(anonymous_49)
FN:511,(anonymous_50)
FN:525,(anonymous_51)
FN:557,(anonymous_52)
FN:561,(anonymous_53)
FN:565,(anonymous_54)
FN:569,(anonymous_55)
FN:574,(anonymous_56)
FN:577,(anonymous_57)
FN:583,(anonymous_58)
FN:589,(anonymous_59)
FN:595,(anonymous_60)
FN:602,(anonymous_61)
FN:607,(anonymous_62)
FN:611,(anonymous_63)
FN:616,(anonymous_64)
FN:617,(anonymous_65)
FN:619,(anonymous_66)
FN:622,(anonymous_67)
FN:628,(anonymous_68)
FN:629,(anonymous_69)
FN:640,(anonymous_70)
FN:645,(anonymous_71)
FN:649,(anonymous_72)
FNF:73
FNH:25
FNDA:8,(anonymous_0)
FNDA:8,(anonymous_1)
FNDA:8,(anonymous_2)
FNDA:0,(anonymous_3)
FNDA:24,(anonymous_4)
FNDA:24,(anonymous_5)
FNDA:24,(anonymous_6)
FNDA:0,(anonymous_7)
FNDA:2,(anonymous_8)
FNDA:8,(anonymous_9)
FNDA:8,(anonymous_10)
FNDA:8,(anonymous_11)
FNDA:8,(anonymous_12)
FNDA:2,(anonymous_13)
FNDA:8,(anonymous_14)
FNDA:8,(anonymous_15)
FNDA:8,(anonymous_16)
FNDA:8,(anonymous_17)
FNDA:2,(anonymous_18)
FNDA:8,(anonymous_19)
FNDA:8,(anonymous_20)
FNDA:8,(anonymous_21)
FNDA:8,(anonymous_22)
FNDA:0,(anonymous_23)
FNDA:5,(anonymous_24)
FNDA:5,(anonymous_25)
FNDA:0,(anonymous_26)
FNDA:0,(anonymous_27)
FNDA:5,(anonymous_28)
FNDA:5,(anonymous_29)
FNDA:0,(anonymous_30)
FNDA:0,(anonymous_31)
FNDA:0,(anonymous_32)
FNDA:0,(anonymous_33)
FNDA:0,(anonymous_34)
FNDA:0,(anonymous_35)
FNDA:0,(anonymous_36)
FNDA:0,(anonymous_37)
FNDA:0,(anonymous_38)
FNDA:0,(anonymous_39)
FNDA:0,(anonymous_40)
FNDA:0,(anonymous_41)
FNDA:0,(anonymous_42)
FNDA:0,(anonymous_43)
FNDA:0,(anonymous_44)
FNDA:0,(anonymous_45)
FNDA:0,(anonymous_46)
FNDA:0,(anonymous_47)
FNDA:0,(anonymous_48)
FNDA:0,(anonymous_49)
FNDA:0,(anonymous_50)
FNDA:0,(anonymous_51)
FNDA:0,(anonymous_52)
FNDA:0,(anonymous_53)
FNDA:0,(anonymous_54)
FNDA:0,(anonymous_55)
FNDA:0,(anonymous_56)
FNDA:0,(anonymous_57)
FNDA:0,(anonymous_58)
FNDA:0,(anonymous_59)
FNDA:0,(anonymous_60)
FNDA:0,(anonymous_61)
FNDA:0,(anonymous_62)
FNDA:0,(anonymous_63)
FNDA:0,(anonymous_64)
FNDA:0,(anonymous_65)
FNDA:0,(anonymous_66)
FNDA:0,(anonymous_67)
FNDA:0,(anonymous_68)
FNDA:0,(anonymous_69)
FNDA:0,(anonymous_70)
FNDA:0,(anonymous_71)
FNDA:0,(anonymous_72)
DA:1,1
DA:2,1
DA:3,1
DA:4,1
DA:5,1
DA:6,1
DA:8,1
DA:9,1
DA:11,1
DA:72,1
DA:73,1
DA:78,8
DA:79,8
DA:81,8
DA:82,8
DA:85,8
DA:86,8
DA:88,0
DA:89,0
DA:94,0
DA:100,24
DA:101,24
DA:103,24
DA:104,24
DA:107,24
DA:108,24
DA:109,24
DA:112,0
DA:115,0
DA:117,0
DA:122,0
DA:130,2
DA:131,2
DA:132,2
DA:133,2
DA:135,2
DA:137,8
DA:139,8
DA:141,8
DA:142,0
DA:145,8
DA:147,2
DA:148,2
DA:149,8
DA:154,2
DA:155,2
DA:156,2
DA:157,2
DA:159,2
DA:161,8
DA:163,8
DA:165,8
DA:166,0
DA:169,8
DA:172,2
DA:173,2
DA:174,8
DA:179,2
DA:180,2
DA:181,2
DA:182,2
DA:183,2
DA:184,8
DA:185,8
DA:187,8
DA:188,0
DA:190,8
DA:192,2
DA:193,2
DA:194,8
DA:198,2
DA:199,2
DA:200,2
DA:201,2
DA:202,2
DA:203,8
DA:204,8
DA:206,8
DA:207,0
DA:209,8
DA:211,2
DA:212,2
DA:213,8
DA:219,2
DA:220,2
DA:221,2
DA:222,2
DA:225,2
DA:226,2
DA:228,2
DA:242,2
DA:243,8
DA:247,2
DA:248,8
DA:252,2
DA:253,8
DA:257,2
DA:258,8
DA:261,2
DA:262,22
DA:266,2
DA:268,2
DA:269,2
DA:270,8
DA:274,2
DA:275,2
DA:276,8
DA:280,2
DA:281,2
DA:282,8
DA:286,2
DA:287,2
DA:288,8
DA:292,2
DA:295,0
DA:302,5
DA:303,5
DA:319,5
DA:320,0
DA:325,0
DA:326,0
DA:329,0
DA:333,5
DA:334,5
DA:336,5
DA:337,5
DA:339,5
DA:341,5
DA:349,0
DA:350,0
DA:351,0
DA:353,0
DA:354,0
DA:357,0
DA:358,0
DA:359,0
DA:363,0
DA:376,0
DA:378,0
DA:380,0
DA:383,0
DA:389,0
DA:390,0
DA:393,0
DA:395,0
DA:396,0
DA:397,0
DA:398,0
DA:400,0
DA:401,0
DA:402,0
DA:406,0
DA:409,0
DA:415,0
DA:417,0
DA:421,0
DA:423,0
DA:426,0
DA:428,0
DA:429,0
DA:430,0
DA:431,0
DA:433,0
DA:435,0
DA:437,0
DA:439,0
DA:440,0
DA:443,0
DA:445,0
DA:446,0
DA:447,0
DA:452,0
DA:453,0
DA:454,0
DA:455,0
DA:457,0
DA:459,0
DA:461,0
DA:463,0
DA:464,0
DA:467,0
DA:470,0
DA:471,0
DA:472,0
DA:477,0
DA:478,0
DA:479,0
DA:480,0
DA:481,0
DA:482,0
DA:483,0
DA:485,0
DA:486,0
DA:488,0
DA:490,0
DA:491,0
DA:492,0
DA:497,0
DA:498,0
DA:499,0
DA:500,0
DA:501,0
DA:502,0
DA:503,0
DA:505,0
DA:506,0
DA:508,0
DA:510,0
DA:511,0
DA:512,0
DA:513,0
DA:518,0
DA:519,0
DA:520,0
DA:521,0
DA:525,0
DA:527,0
DA:529,0
DA:541,0
DA:542,0
DA:545,0
DA:546,0
DA:547,0
DA:548,0
DA:549,0
DA:550,0
DA:551,0
DA:554,0
DA:557,0
DA:558,0
DA:561,0
DA:562,0
DA:565,0
DA:566,0
DA:569,0
DA:570,0
DA:573,0
DA:576,0
DA:577,0
DA:578,0
DA:582,0
DA:583,0
DA:584,0
DA:588,0
DA:589,0
DA:590,0
DA:594,0
DA:595,0
DA:596,0
DA:600,0
DA:603,0
DA:608,0
DA:612,0
DA:617,0
DA:618,0
DA:620,0
DA:623,0
DA:629,0
DA:630,0
DA:638,0
DA:639,0
DA:641,0
DA:642,0
DA:644,0
DA:646,0
DA:650,0
DA:656,1
LF:267
LH:113
BRDA:81,0,0,8
BRDA:81,0,1,0
BRDA:88,1,0,0
BRDA:88,1,1,0
BRDA:103,2,0,24
BRDA:103,2,1,0
BRDA:107,3,0,24
BRDA:107,3,1,0
BRDA:112,4,0,0
BRDA:112,4,1,0
BRDA:131,5,0,2
BRDA:131,5,1,0
BRDA:141,6,0,0
BRDA:141,6,1,8
BRDA:155,7,0,2
BRDA:155,7,1,0
BRDA:165,8,0,0
BRDA:165,8,1,8
BRDA:180,9,0,2
BRDA:180,9,1,0
BRDA:187,10,0,0
BRDA:187,10,1,8
BRDA:199,11,0,2
BRDA:199,11,1,0
BRDA:206,12,0,0
BRDA:206,12,1,8
BRDA:226,13,0,0
BRDA:226,13,1,2
BRDA:262,14,0,4
BRDA:262,14,1,18
BRDA:262,15,0,22
BRDA:262,15,1,18
BRDA:268,16,0,2
BRDA:268,16,1,0
BRDA:274,17,0,2
BRDA:274,17,1,0
BRDA:280,18,0,2
BRDA:280,18,1,0
BRDA:286,19,0,2
BRDA:286,19,1,0
BRDA:319,20,0,0
BRDA:319,20,1,5
BRDA:325,21,0,0
BRDA:325,21,1,0
BRDA:333,22,0,5
BRDA:333,22,1,0
BRDA:337,23,0,0
BRDA:337,23,1,5
BRDA:337,24,0,5
BRDA:337,24,1,5
BRDA:350,25,0,0
BRDA:350,25,1,0
BRDA:357,26,0,0
BRDA:357,26,1,0
BRDA:376,27,0,0
BRDA:376,27,1,0
BRDA:390,28,0,0
BRDA:390,28,1,0
BRDA:395,29,0,0
BRDA:395,29,1,0
BRDA:396,30,0,0
BRDA:396,30,1,0
BRDA:415,31,0,0
BRDA:415,31,1,0
BRDA:426,32,0,0
BRDA:426,32,1,0
BRDA:429,33,0,0
BRDA:429,33,1,0
BRDA:429,34,0,0
BRDA:429,34,1,0
BRDA:439,35,0,0
BRDA:439,35,1,0
BRDA:453,36,0,0
BRDA:453,36,1,0
BRDA:463,37,0,0
BRDA:463,37,1,0
BRDA:478,38,0,0
BRDA:478,38,1,0
BRDA:485,39,0,0
BRDA:485,39,1,0
BRDA:498,40,0,0
BRDA:498,40,1,0
BRDA:505,41,0,0
BRDA:505,41,1,0
BRDA:527,42,0,0
BRDA:527,42,1,0
BRDA:541,43,0,0
BRDA:541,43,1,0
BRDA:546,44,0,0
BRDA:546,44,1,0
BRDA:576,45,0,0
BRDA:576,45,1,0
BRDA:582,46,0,0
BRDA:582,46,1,0
BRDA:588,47,0,0
BRDA:588,47,1,0
BRDA:594,48,0,0
BRDA:594,48,1,0
BRDA:642,49,0,0
BRDA:642,49,1,0
BRDA:642,50,0,0
BRDA:642,50,1,0
BRF:102
BRH:25
end_of_record
TN:
SF:src/models/review.js
FN:41,(anonymous_0)
FN:42,(anonymous_1)
FN:44,(anonymous_2)
FN:59,(anonymous_3)
FN:64,(anonymous_4)
FN:70,(anonymous_5)
FN:81,(anonymous_6)
FN:87,(anonymous_7)
FN:88,(anonymous_8)
FN:106,(anonymous_9)
FN:111,(anonymous_10)
FN:118,(anonymous_11)
FN:119,(anonymous_12)
FN:137,(anonymous_13)
FN:142,(anonymous_14)
FN:146,(anonymous_15)
FN:152,(anonymous_16)
FN:153,(anonymous_17)
FN:162,(anonymous_18)
FN:165,(anonymous_19)
FN:171,(anonymous_20)
FN:172,(anonymous_21)
FN:176,(anonymous_22)
FN:179,(anonymous_23)
FN:185,(anonymous_24)
FN:195,(anonymous_25)
FNF:26
FNH:26
FNDA:5,(anonymous_0)
FNDA:5,(anonymous_1)
FNDA:4,(anonymous_2)
FNDA:3,(anonymous_3)
FNDA:3,(anonymous_4)
FNDA:3,(anonymous_5)
FNDA:1,(anonymous_6)
FNDA:10,(anonymous_7)
FNDA:10,(anonymous_8)
FNDA:10,(anonymous_9)
FNDA:10,(anonymous_10)
FNDA:3,(anonymous_11)
FNDA:3,(anonymous_12)
FNDA:2,(anonymous_13)
FNDA:2,(anonymous_14)
FNDA:1,(anonymous_15)
FNDA:2,(anonymous_16)
FNDA:2,(anonymous_17)
FNDA:1,(anonymous_18)
FNDA:1,(anonymous_19)
FNDA:4,(anonymous_20)
FNDA:4,(anonymous_21)
FNDA:3,(anonymous_22)
FNDA:2,(anonymous_23)
FNDA:2,(anonymous_24)
FNDA:2,(anonymous_25)
DA:1,1
DA:2,1
DA:4,1
DA:6,1
DA:7,1
DA:9,1
DA:38,1
DA:42,5
DA:43,5
DA:45,4
DA:47,3
DA:58,3
DA:60,3
DA:61,3
DA:63,3
DA:65,3
DA:66,3
DA:69,3
DA:71,3
DA:72,3
DA:73,3
DA:74,3
DA:77,3
DA:82,1
DA:88,10
DA:89,10
DA:105,10
DA:107,10
DA:108,10
DA:110,10
DA:112,10
DA:119,3
DA:120,3
DA:136,3
DA:138,2
DA:139,2
DA:141,2
DA:143,2
DA:147,1
DA:153,2
DA:154,2
DA:159,6
DA:161,2
DA:163,1
DA:166,1
DA:172,4
DA:175,4
DA:177,3
DA:178,2
DA:180,2
DA:181,2
DA:184,2
DA:186,2
DA:187,2
DA:188,2
DA:189,1
DA:190,2
DA:193,2
DA:196,2
DA:202,1
LF:60
LH:60
BRDA:45,0,0,1
BRDA:45,0,1,3
BRDA:108,1,0,1
BRDA:108,1,1,9
BRDA:108,2,0,10
BRDA:108,2,1,9
BRDA:139,3,0,1
BRDA:139,3,1,1
BRDA:139,4,0,2
BRDA:139,4,1,1
BRDA:159,5,0,2
BRDA:159,5,1,4
BRDA:188,6,0,1
BRDA:188,6,1,1
BRF:14
BRH:14
end_of_record
TN:
SF:src/models/user.js
FN:31,defaultImage
FN:101,(anonymous_1)
FN:110,(anonymous_2)
FN:112,(anonymous_3)
FN:115,(anonymous_4)
FN:121,(anonymous_5)
FN:122,(anonymous_6)
FN:133,(anonymous_7)
FN:138,(anonymous_8)
FN:155,(anonymous_9)
FN:174,(anonymous_10)
FN:179,(anonymous_11)
FN:187,(anonymous_12)
FN:188,(anonymous_13)
FN:198,(anonymous_14)
FN:211,(anonymous_15)
FN:217,(anonymous_16)
FN:218,(anonymous_17)
FN:220,(anonymous_18)
FN:249,(anonymous_19)
FN:265,(anonymous_20)
FN:269,(anonymous_21)
FN:272,(anonymous_22)
FN:278,(anonymous_23)
FN:280,(anonymous_24)
FN:286,(anonymous_25)
FN:290,(anonymous_26)
FN:296,(anonymous_27)
FN:297,(anonymous_28)
FN:299,(anonymous_29)
FN:307,(anonymous_30)
FN:332,(anonymous_31)
FN:338,(anonymous_32)
FN:339,(anonymous_33)
FN:341,(anonymous_34)
FN:345,(anonymous_35)
FN:360,(anonymous_36)
FN:366,(anonymous_37)
FN:368,(anonymous_38)
FN:372,(anonymous_39)
FN:373,(anonymous_40)
FN:375,(anonymous_41)
FN:380,(anonymous_42)
FN:384,(anonymous_43)
FN:385,(anonymous_44)
FN:387,(anonymous_45)
FN:396,(anonymous_46)
FN:409,(anonymous_47)
FN:419,(anonymous_48)
FN:420,(anonymous_49)
FN:423,(anonymous_50)
FN:431,(anonymous_51)
FN:436,(anonymous_52)
FN:440,(anonymous_53)
FN:441,(anonymous_54)
FN:445,(anonymous_55)
FN:451,(anonymous_56)
FN:468,(anonymous_57)
FN:484,(anonymous_58)
FN:485,(anonymous_59)
FN:487,(anonymous_60)
FN:491,(anonymous_61)
FN:497,(anonymous_62)
FN:498,(anonymous_63)
FN:501,(anonymous_64)
FN:503,(anonymous_65)
FN:506,(anonymous_66)
FN:516,(anonymous_67)
FN:521,(anonymous_68)
FN:527,(anonymous_69)
FN:529,(anonymous_70)
FN:537,(anonymous_71)
FN:546,(anonymous_72)
FN:552,(anonymous_73)
FN:553,(anonymous_74)
FN:561,(anonymous_75)
FN:564,(anonymous_76)
FN:578,(anonymous_77)
FNF:78
FNH:15
FNDA:1,defaultImage
FNDA:2,(anonymous_1)
FNDA:2,(anonymous_2)
FNDA:2,(anonymous_3)
FNDA:0,(anonymous_4)
FNDA:2,(anonymous_5)
FNDA:2,(anonymous_6)
FNDA:2,(anonymous_7)
FNDA:2,(anonymous_8)
FNDA:2,(anonymous_9)
FNDA:0,(anonymous_10)
FNDA:0,(anonymous_11)
FNDA:1,(anonymous_12)
FNDA:1,(anonymous_13)
FNDA:1,(anonymous_14)
FNDA:0,(anonymous_15)
FNDA:19,(anonymous_16)
FNDA:19,(anonymous_17)
FNDA:19,(anonymous_18)
FNDA:0,(anonymous_19)
FNDA:0,(anonymous_20)
FNDA:0,(anonymous_21)
FNDA:0,(anonymous_22)
FNDA:0,(anonymous_23)
FNDA:0,(anonymous_24)
FNDA:0,(anonymous_25)
FNDA:0,(anonymous_26)
FNDA:0,(anonymous_27)
FNDA:0,(anonymous_28)
FNDA:0,(anonymous_29)
FNDA:0,(anonymous_30)
FNDA:0,(anonymous_31)
FNDA:0,(anonymous_32)
FNDA:0,(anonymous_33)
FNDA:0,(anonymous_34)
FNDA:0,(anonymous_35)
FNDA:0,(anonymous_36)
FNDA:0,(anonymous_37)
FNDA:0,(anonymous_38)
FNDA:0,(anonymous_39)
FNDA:0,(anonymous_40)
FNDA:0,(anonymous_41)
FNDA:0,(anonymous_42)
FNDA:0,(anonymous_43)
FNDA:0,(anonymous_44)
FNDA:0,(anonymous_45)
FNDA:0,(anonymous_46)
FNDA:0,(anonymous_47)
FNDA:0,(anonymous_48)
FNDA:0,(anonymous_49)
FNDA:0,(anonymous_50)
FNDA:0,(anonymous_51)
FNDA:0,(anonymous_52)
FNDA:0,(anonymous_53)
FNDA:0,(anonymous_54)
FNDA:0,(anonymous_55)
FNDA:0,(anonymous_56)
FNDA:0,(anonymous_57)
FNDA:0,(anonymous_58)
FNDA:0,(anonymous_59)
FNDA:0,(anonymous_60)
FNDA:0,(anonymous_61)
FNDA:0,(anonymous_62)
FNDA:0,(anonymous_63)
FNDA:0,(anonymous_64)
FNDA:0,(anonymous_65)
FNDA:0,(anonymous_66)
FNDA:0,(anonymous_67)
FNDA:0,(anonymous_68)
FNDA:0,(anonymous_69)
FNDA:0,(anonymous_70)
FNDA:0,(anonymous_71)
FNDA:0,(anonymous_72)
FNDA:0,(anonymous_73)
FNDA:0,(anonymous_74)
FNDA:0,(anonymous_75)
FNDA:0,(anonymous_76)
FNDA:0,(anonymous_77)
DA:2,1
DA:3,1
DA:4,1
DA:5,1
DA:6,1
DA:7,1
DA:8,1
DA:9,1
DA:14,1
DA:15,1
DA:16,1
DA:17,1
DA:19,1
DA:20,1
DA:22,1
DA:32,1
DA:35,1
DA:102,2
DA:103,2
DA:105,2
DA:110,2
DA:111,2
DA:113,2
DA:116,0
DA:122,2
DA:124,2
DA:126,2
DA:128,2
DA:134,2
DA:136,2
DA:140,2
DA:142,2
DA:155,2
DA:156,2
DA:161,2
DA:175,0
DA:180,0
DA:188,1
DA:190,1
DA:192,1
DA:193,1
DA:195,1
DA:200,1
DA:201,1
DA:212,0
DA:218,19
DA:219,19
DA:221,19
DA:222,19
DA:223,19
DA:224,19
DA:226,19
DA:236,0
DA:241,0
DA:251,0
DA:256,0
DA:258,0
DA:259,0
DA:260,0
DA:262,0
DA:265,0
DA:266,0
DA:268,0
DA:270,0
DA:273,0
DA:280,0
DA:281,0
DA:288,0
DA:291,0
DA:297,0
DA:298,0
DA:300,0
DA:301,0
DA:308,0
DA:310,0
DA:312,0
DA:321,0
DA:323,0
DA:333,0
DA:339,0
DA:340,0
DA:342,0
DA:344,0
DA:347,0
DA:348,0
DA:360,0
DA:361,0
DA:363,0
DA:366,0
DA:368,0
DA:373,0
DA:374,0
DA:376,0
DA:378,0
DA:380,0
DA:385,0
DA:386,0
DA:388,0
DA:391,0
DA:392,0
DA:393,0
DA:396,0
DA:398,0
DA:401,0
DA:409,0
DA:410,0
DA:412,0
DA:420,0
DA:421,0
DA:422,0
DA:424,0
DA:425,0
DA:427,0
DA:428,0
DA:429,0
DA:431,0
DA:432,0
DA:433,0
DA:436,0
DA:441,0
DA:443,0
DA:447,0
DA:449,0
DA:453,0
DA:455,0
DA:468,0
DA:470,0
DA:474,0
DA:485,0
DA:486,0
DA:488,0
DA:489,0
DA:492,0
DA:498,0
DA:500,0
DA:502,0
DA:504,0
DA:505,0
DA:507,0
DA:513,0
DA:517,0
DA:522,0
DA:529,0
DA:531,0
DA:538,0
DA:539,0
DA:543,0
DA:547,0
DA:553,0
DA:555,0
DA:562,0
DA:563,0
DA:565,0
DA:566,0
DA:570,0
DA:579,0
DA:585,1
LF:157
LH:49
BRDA:124,0,0,0
BRDA:124,0,1,2
BRDA:156,1,0,2
BRDA:156,1,1,0
BRDA:190,2,0,0
BRDA:190,2,1,1
BRDA:221,3,0,0
BRDA:221,3,1,19
BRDA:222,4,0,19
BRDA:222,4,1,0
BRDA:256,5,0,0
BRDA:256,5,1,0
BRDA:258,6,0,0
BRDA:258,6,1,0
BRDA:266,7,0,0
BRDA:266,7,1,0
BRDA:300,8,0,0
BRDA:300,8,1,0
BRDA:342,9,0,0
BRDA:342,9,1,0
BRDA:361,10,0,0
BRDA:361,10,1,0
BRDA:376,11,0,0
BRDA:376,11,1,0
BRDA:388,12,0,0
BRDA:388,12,1,0
BRDA:398,13,0,0
BRDA:398,13,1,0
BRDA:410,14,0,0
BRDA:410,14,1,0
BRDA:425,15,0,0
BRDA:425,15,1,0
BRDA:432,16,0,0
BRDA:432,16,1,0
BRDA:447,17,0,0
BRDA:447,17,1,0
BRDA:470,18,0,0
BRDA:470,18,1,0
BRDA:488,19,0,0
BRDA:488,19,1,0
BRDA:504,20,0,0
BRDA:504,20,1,0
BRDA:538,21,0,0
BRDA:538,21,1,0
BRDA:565,22,0,0
BRDA:565,22,1,0
BRF:46
BRH:5
end_of_record
